Unity Editor version:    2020.3.19f1 (68f137dc9bbe)
Branch:                  2020.3/staging
Build type:              Release
Batch mode:              YES
macOS version:           Version 12.1 (Build 21C52)
Darwin version:          21.2.0
Architecture:            x86_64
Running under Rosetta:   YES
Available memory:        16384 MB
Using pre-set license
Pro License: NO

COMMAND LINE ARGUMENTS:
/Applications/Unity/Hub/Editor/2020.3.19f1/Unity.app/Contents/MacOS/Unity
-adb2
-batchMode
-noUpm
-name
AssetImportWorker0
-projectPath
/Volumes/Samsung_T5/thi/UX_VR_CAROLINE_PAUL_TALHA
-logFile
Logs/AssetImportWorker0.log
-srvPort
51027
Successfully changed project path to: /Volumes/Samsung_T5/thi/UX_VR_CAROLINE_PAUL_TALHA
/Volumes/Samsung_T5/thi/UX_VR_CAROLINE_PAUL_TALHA
Using Asset Import Pipeline V2.
Refreshing native plugins compatible for Editor in 100.97 ms, found 6 plugins.
Preloading 1 native plugins for Editor in 5.91 ms.
Initialize engine version: 2020.3.19f1 (68f137dc9bbe)
[Subsystems] Discovering subsystems at path /Applications/Unity/Hub/Editor/2020.3.19f1/Unity.app/Contents/Resources/UnitySubsystems
[Subsystems] Discovering subsystems at path /Volumes/Samsung_T5/thi/UX_VR_CAROLINE_PAUL_TALHA/Assets
GfxDevice: creating device client; threaded=0
2022-01-14 11:01:37.342 Unity[55782:1864244] (null) preferred device: Apple M1 (high power)
2022-01-14 11:01:37.342 Unity[55782:1864244] Metal devices available: 1
2022-01-14 11:01:37.342 Unity[55782:1864244] 0: Apple M1 (high power)
2022-01-14 11:01:37.342 Unity[55782:1864244] Using device Apple M1 (high power)
Initializing Metal device caps: Apple M1
Shader 'Oculus/OVRMRCameraFrameLit': fallback shader 'Alpha-Diffuse' not found
Initialize mono
Mono path[0] = '/Applications/Unity/Hub/Editor/2020.3.19f1/Unity.app/Contents/Managed'
Mono path[1] = '/Applications/Unity/Hub/Editor/2020.3.19f1/Unity.app/Contents/MonoBleedingEdge/lib/mono/unityjit'
Mono config path = '/Applications/Unity/Hub/Editor/2020.3.19f1/Unity.app/Contents/MonoBleedingEdge/etc'
Using monoOptions --debugger-agent=transport=dt_socket,embedding=1,server=y,suspend=n,address=127.0.0.1:56782
Begin MonoManager ReloadAssembly
Registering precompiled unity dll's ...
Register platform support module: /Applications/Unity/Hub/Editor/2020.3.19f1/Unity.app/Contents/PlaybackEngines/MacStandaloneSupport/UnityEditor.OSXStandalone.Extensions.dll
Registered in 0.000421 seconds.
Native extension for OSXStandalone target not found
Refreshing native plugins compatible for Editor in 79.02 ms, found 6 plugins.
Preloading 1 native plugins for Editor in 0.30 ms.
Mono: successfully reloaded assembly
- Completed reload, in  3.504 seconds
Domain Reload Profiling:
	ReloadAssembly (3504ms)
		BeginReloadAssembly (81ms)
			ExecutionOrderSort (0ms)
			DisableScriptedObjects (0ms)
			BackupInstance (0ms)
			ReleaseScriptingObjects (0ms)
			CreateAndSetChildDomain (3ms)
		EndReloadAssembly (854ms)
			LoadAssemblies (78ms)
			RebuildTransferFunctionScriptingTraits (0ms)
			SetupTypeCache (197ms)
			ReleaseScriptCaches (0ms)
			RebuildScriptCaches (39ms)
			SetupLoadedEditorAssemblies (474ms)
				LogAssemblyErrors (0ms)
				InitializePlatformSupportModulesInManaged (9ms)
				SetLoadedEditorAssemblies (1ms)
				RefreshPlugins (79ms)
				BeforeProcessingInitializeOnLoad (26ms)
				ProcessInitializeOnLoadAttributes (267ms)
				ProcessInitializeOnLoadMethodAttributes (91ms)
				AfterProcessingInitializeOnLoad (0ms)
				EditorAssembliesLoaded (1ms)
			ExecutionOrderSort2 (0ms)
			AwakeInstancesAfterBackupRestoration (0ms)
Platform modules already initialized, skipping
Registering precompiled user dll's ...
Registered in 0.004386 seconds.
Begin MonoManager ReloadAssembly
Native extension for OSXStandalone target not found
Refreshing native plugins compatible for Editor in 0.93 ms, found 6 plugins.
Preloading 1 native plugins for Editor in 0.33 ms.
Mono: successfully reloaded assembly
- Completed reload, in  2.308 seconds
Domain Reload Profiling:
	ReloadAssembly (2311ms)
		BeginReloadAssembly (249ms)
			ExecutionOrderSort (0ms)
			DisableScriptedObjects (28ms)
			BackupInstance (0ms)
			ReleaseScriptingObjects (0ms)
			CreateAndSetChildDomain (33ms)
		EndReloadAssembly (1967ms)
			LoadAssemblies (167ms)
			RebuildTransferFunctionScriptingTraits (0ms)
			SetupTypeCache (395ms)
			ReleaseScriptCaches (1ms)
			RebuildScriptCaches (67ms)
			SetupLoadedEditorAssemblies (1104ms)
				LogAssemblyErrors (0ms)
				InitializePlatformSupportModulesInManaged (17ms)
				SetLoadedEditorAssemblies (2ms)
				RefreshPlugins (1ms)
				BeforeProcessingInitializeOnLoad (191ms)
				ProcessInitializeOnLoadAttributes (880ms)
				ProcessInitializeOnLoadMethodAttributes (13ms)
				AfterProcessingInitializeOnLoad (1ms)
				EditorAssembliesLoaded (0ms)
			ExecutionOrderSort2 (0ms)
			AwakeInstancesAfterBackupRestoration (29ms)
Platform modules already initialized, skipping
Validating Project structure ... 0.022709 seconds.
Shader import version has changed; will reimport all shaders...
Upgrading shader files ...0.061101 seconds.
Application.AssetDatabase Initial Script Refresh Start
RefreshInfo: InitialScriptRefreshV2(NoUpdateAssetOptions) scanfilter:  ... 1 filters
RefreshProfiler: Total: 0.000ms
Application.AssetDatabase Initial Script Refresh End
Application.AssetDatabase.Refresh Start
Application.AssetDatabase.Refresh End
RefreshInfo: StopAssetImportingV2(ForceSynchronousImport) scanfilter: 
RefreshProfiler: Total: 0.000ms
Shader 'Oculus/OVRMRCameraFrameLit': fallback shader 'Alpha-Diffuse' not found
Launching external process: /Applications/Unity/Hub/Editor/2020.3.19f1/Unity.app/Contents/Tools/UnityShaderCompiler
Launched and connected shader compiler UnityShaderCompiler after 0.02 seconds
Initializing Unity extensions:
2022-01-14 11:01:47.354 Unity[55782:1864244] NSEventModifierFlagFunction specified to -setKeyEquivalentModifierMask: for item <NSMenuItem: 0x60000195c070 Font Asset, ke='Command-F12'>, but is only supported for system-provided menu items; will not be used
2022-01-14 11:01:47.359 Unity[55782:1864244] NSEventModifierFlagFunction specified to -setKeyEquivalentModifierMask: for item <NSMenuItem: 0x6000019673a0 Font Asset, ke='Command-F12'>, but is only supported for system-provided menu items; will not be used
========================================================================
Worker process is ready to serve import requests
Shader 'Oculus/OVRMRCameraFrameLit': fallback shader 'Alpha-Diffuse' not found
Refreshing native plugins compatible for Editor in 0.87 ms, found 6 plugins.
Preloading 1 native plugins for Editor in 0.27 ms.
Unloading 2484 Unused Serialized files (Serialized files now loaded: 0)
System memory in use before: 226.8 MB.
System memory in use after: 225.7 MB.

Unloading 343 unused Assets to reduce memory usage. Loaded Objects now: 2937.
Total: 3.006375 ms (FindLiveObjects: 0.165458 ms CreateObjectMapping: 0.054167 ms MarkObjects: 2.127083 ms  DeleteObjects: 0.658834 ms)

AssetImportParameters requested are different than current active one (requested -> active):
  custom:video-decoder-ogg-theora: a1e56fd34408186e4bbccfd4996cb3dc -> 
  custom:container-muxer-webm: aa71ff27fc2769a1b78a27578f13a17b -> 
  custom:container-demuxer-webm: 4f35f7cbe854078d1ac9338744f61a02 -> 
  custom:container-demuxer-ogg: 62fdf1f143b41e24485cea50d1cbac27 -> 
  custom:video-encoder-webm-vp8: eb34c28f22e8b96e1ab97ce403110664 -> 
  custom:framework-osx-AVFoundation: e770b220cccbd017edd2c1fefb359320 -> 
  custom:video-decoder-webm-vp8: 9c59270c3fd7afecdb556c50c9e8de78 -> 
  custom:audio-decoder-ogg-vorbis: bf7c407c2cedff20999df2af8eb42d56 -> 
  custom:audio-encoder-webm-vorbis: bf7c407c2cedff20999df2af8eb42d56 -> 
========================================================================
Received Import Request.
  path: Assets/bl2.mat
  artifactKey: Guid(ee7b5cf7db713a74e82fa9cc29354ecc) Importer(815301076,1909f56bfc062723c751e8b465ee728b)
Start importing Assets/bl2.mat using Guid(ee7b5cf7db713a74e82fa9cc29354ecc) Importer(815301076,1909f56bfc062723c751e8b465ee728b)  -> (artifact id: '5f9273af255754d1d06271d5b57465e9') in 0.678607 seconds 
  Import took 0.682021 seconds .

========================================================================
Received Import Request.
  Time since last request: 0.002042 seconds.
  path: Assets/success_sound.wav
  artifactKey: Guid(cd1246329674b9b429d387bd69ff30d2) Importer(815301076,1909f56bfc062723c751e8b465ee728b)
Start importing Assets/success_sound.wav using Guid(cd1246329674b9b429d387bd69ff30d2) Importer(815301076,1909f56bfc062723c751e8b465ee728b)  -> (artifact id: '853cdcedd2bc7cde03e5c467fed8194b') in 0.604708 seconds 
  Import took 0.607479 seconds .

========================================================================
Received Import Request.
  Time since last request: 0.002156 seconds.
  path: Assets/BL_01.fbx
  artifactKey: Guid(bbfd73e46653f47a28b45b6b93cc1266) Importer(815301076,1909f56bfc062723c751e8b465ee728b)
Start importing Assets/BL_01.fbx using Guid(bbfd73e46653f47a28b45b6b93cc1266) Importer(815301076,1909f56bfc062723c751e8b465ee728b)  -> (artifact id: '0e982d2d24921d7a9e2275eb3cbfac39') in 0.952988 seconds 
  Import took 0.956663 seconds .

========================================================================
Received Import Request.
  Time since last request: 0.008339 seconds.
  path: Assets/sky.mat
  artifactKey: Guid(5b39768e46f0b4652935902c2b30dfb3) Importer(815301076,1909f56bfc062723c751e8b465ee728b)
Start importing Assets/sky.mat using Guid(5b39768e46f0b4652935902c2b30dfb3) Importer(815301076,1909f56bfc062723c751e8b465ee728b)  -> (artifact id: 'cf400a4f6ac3bfa2e135692e312d4a05') in 0.046140 seconds 
  Import took 0.049314 seconds .

========================================================================
Received Import Request.
  Time since last request: 0.000268 seconds.
  path: Assets/city1.mat
  artifactKey: Guid(23902e578855b4c2a857ff4fd448bb04) Importer(815301076,1909f56bfc062723c751e8b465ee728b)
Start importing Assets/city1.mat using Guid(23902e578855b4c2a857ff4fd448bb04) Importer(815301076,1909f56bfc062723c751e8b465ee728b)  -> (artifact id: 'fa09dab49ef17bb236cb76b46130c45e') in 0.100248 seconds 
  Import took 0.102987 seconds .

========================================================================
Received Import Request.
  Time since last request: 0.000240 seconds.
  path: Assets/lamp.physicMaterial
  artifactKey: Guid(c7b6cf1349002d14f921af8003ae005d) Importer(815301076,1909f56bfc062723c751e8b465ee728b)
Start importing Assets/lamp.physicMaterial using Guid(c7b6cf1349002d14f921af8003ae005d) Importer(815301076,1909f56bfc062723c751e8b465ee728b)  -> (artifact id: '15b6c46fa7f7b9a9aa57813ae3ae3a50') in 0.056868 seconds 
  Import took 0.059565 seconds .

========================================================================
Received Import Request.
  Time since last request: 0.001953 seconds.
  path: Assets/test.mp3
  artifactKey: Guid(a0de8f6ee8c19ba4cb6d7c62ea514b3b) Importer(815301076,1909f56bfc062723c751e8b465ee728b)
Start importing Assets/test.mp3 using Guid(a0de8f6ee8c19ba4cb6d7c62ea514b3b) Importer(815301076,1909f56bfc062723c751e8b465ee728b)  -> (artifact id: '7d150dd448cee1e6b127f8edb65fb4e8') in 0.502561 seconds 
  Import took 0.505426 seconds .

========================================================================
Received Import Request.
  Time since last request: 0.002614 seconds.
  path: Assets/BL_01.prefab
  artifactKey: Guid(87c4fb3fdff5a4d10a0a6c5ff9714372) Importer(815301076,1909f56bfc062723c751e8b465ee728b)
Start importing Assets/BL_01.prefab using Guid(87c4fb3fdff5a4d10a0a6c5ff9714372) Importer(815301076,1909f56bfc062723c751e8b465ee728b)  -> (artifact id: '188057e71e5e2b9f6b6cc66df1619043') in 0.075388 seconds 
  Import took 0.079241 seconds .

========================================================================
Received Import Request.
  Time since last request: 0.002193 seconds.
  path: Assets/bl2 1.mat
  artifactKey: Guid(720113cc8e5501f49a364ae1a6066ac5) Importer(815301076,1909f56bfc062723c751e8b465ee728b)
Start importing Assets/bl2 1.mat using Guid(720113cc8e5501f49a364ae1a6066ac5) Importer(815301076,1909f56bfc062723c751e8b465ee728b)  -> (artifact id: 'dd6103d6950b4fcca5e29c183b89e91c') in 0.008867 seconds 
  Import took 0.012420 seconds .

========================================================================
Received Import Request.
  Time since last request: 0.000266 seconds.
  path: Assets/PolygonScifi_Background_Building_Emissive.png
  artifactKey: Guid(b84750752e1a94e82a0e62693ff6b574) Importer(815301076,1909f56bfc062723c751e8b465ee728b)
Start importing Assets/PolygonScifi_Background_Building_Emissive.png using Guid(b84750752e1a94e82a0e62693ff6b574) Importer(815301076,1909f56bfc062723c751e8b465ee728b)  -> (artifact id: 'f0862552711a8cfa44b8075d0a1911a1') in 0.430550 seconds 
  Import took 0.433501 seconds .

========================================================================
Received Import Request.
  Time since last request: 0.002450 seconds.
  path: Assets/SimpleSky.png
  artifactKey: Guid(94218d6e4d25444a59ad5a51b58b7c72) Importer(815301076,1909f56bfc062723c751e8b465ee728b)
Start importing Assets/SimpleSky.png using Guid(94218d6e4d25444a59ad5a51b58b7c72) Importer(815301076,1909f56bfc062723c751e8b465ee728b)  -> (artifact id: 'd5684cb772bcc96f72cdd749140255c4') in 0.006265 seconds 
  Import took 0.009470 seconds .

========================================================================
Received Import Request.
  Time since last request: 5.117168 seconds.
  path: Assets/Wilhelm_Scream.mp3
  artifactKey: Guid(3eb0672eab1b1f14f821c000b6ed9e2c) Importer(815301076,1909f56bfc062723c751e8b465ee728b)
Start importing Assets/Wilhelm_Scream.mp3 using Guid(3eb0672eab1b1f14f821c000b6ed9e2c) Importer(815301076,1909f56bfc062723c751e8b465ee728b)  -> (artifact id: '5c0168863dce4d299761b87db39fb7ab') in 0.011025 seconds 
  Import took 0.015484 seconds .

========================================================================
Received Import Request.
  Time since last request: 2.423767 seconds.
  path: Assets/mainscane.unity
  artifactKey: Guid(3d4e67aee106e4d4e8968b6a25c3300d) Importer(815301076,1909f56bfc062723c751e8b465ee728b)
Start importing Assets/mainscane.unity using Guid(3d4e67aee106e4d4e8968b6a25c3300d) Importer(815301076,1909f56bfc062723c751e8b465ee728b)  -> (artifact id: '4f645bd35ee45d67da97873d7b5a7069') in 0.001279 seconds 
  Import took 0.004356 seconds .

